J:\Dot Net WebAPI\DigitalLibraryAPI\front-end\dist\out-tsc\app\book.service.js
J:\Dot Net WebAPI\DigitalLibraryAPI\front-end\dist\out-tsc\app\book.service.js.map
J:\Dot Net WebAPI\DigitalLibraryAPI\front-end\dist\out-tsc\app\add-book\add-book.component.js
J:\Dot Net WebAPI\DigitalLibraryAPI\front-end\dist\out-tsc\app\add-book\add-book.component.js.map
J:\Dot Net WebAPI\DigitalLibraryAPI\front-end\dist\out-tsc\app\all-books\all-books.component.js
J:\Dot Net WebAPI\DigitalLibraryAPI\front-end\dist\out-tsc\app\all-books\all-books.component.js.map
J:\Dot Net WebAPI\DigitalLibraryAPI\front-end\dist\out-tsc\app\app-routing.module.js
J:\Dot Net WebAPI\DigitalLibraryAPI\front-end\dist\out-tsc\app\app-routing.module.js.map
J:\Dot Net WebAPI\DigitalLibraryAPI\front-end\dist\out-tsc\app\app.component.js
J:\Dot Net WebAPI\DigitalLibraryAPI\front-end\dist\out-tsc\app\app.component.js.map
J:\Dot Net WebAPI\DigitalLibraryAPI\front-end\dist\out-tsc\app\update-book\update-book.component.js
J:\Dot Net WebAPI\DigitalLibraryAPI\front-end\dist\out-tsc\app\update-book\update-book.component.js.map
J:\Dot Net WebAPI\DigitalLibraryAPI\front-end\dist\out-tsc\app\app.module.js
J:\Dot Net WebAPI\DigitalLibraryAPI\front-end\dist\out-tsc\app\app.module.js.map
J:\Dot Net WebAPI\DigitalLibraryAPI\front-end\dist\out-tsc\environments\environment.js
J:\Dot Net WebAPI\DigitalLibraryAPI\front-end\dist\out-tsc\environments\environment.js.map
J:\Dot Net WebAPI\DigitalLibraryAPI\front-end\dist\out-tsc\main.js
J:\Dot Net WebAPI\DigitalLibraryAPI\front-end\dist\out-tsc\main.js.map
J:\Dot Net WebAPI\DigitalLibraryAPI\front-end\dist\out-tsc\polyfills.js
J:\Dot Net WebAPI\DigitalLibraryAPI\front-end\dist\out-tsc\polyfills.js.map
J:\Dot Net WebAPI\DigitalLibraryAPI\front-end\dist\out-tsc\test.js
J:\Dot Net WebAPI\DigitalLibraryAPI\front-end\dist\out-tsc\test.js.map
J:\Dot Net WebAPI\DigitalLibraryAPI\front-end\dist\out-tsc\app\app.component.spec.js
J:\Dot Net WebAPI\DigitalLibraryAPI\front-end\dist\out-tsc\app\app.component.spec.js.map
J:\Dot Net WebAPI\DigitalLibraryAPI\front-end\dist\out-tsc\app\book.service.spec.js
J:\Dot Net WebAPI\DigitalLibraryAPI\front-end\dist\out-tsc\app\book.service.spec.js.map
J:\Dot Net WebAPI\DigitalLibraryAPI\front-end\dist\out-tsc\app\add-book\add-book.component.spec.js
J:\Dot Net WebAPI\DigitalLibraryAPI\front-end\dist\out-tsc\app\add-book\add-book.component.spec.js.map
J:\Dot Net WebAPI\DigitalLibraryAPI\front-end\dist\out-tsc\app\all-books\all-books.component.spec.js
J:\Dot Net WebAPI\DigitalLibraryAPI\front-end\dist\out-tsc\app\all-books\all-books.component.spec.js.map
J:\Dot Net WebAPI\DigitalLibraryAPI\front-end\dist\out-tsc\app\update-book\update-book.component.spec.js
J:\Dot Net WebAPI\DigitalLibraryAPI\front-end\dist\out-tsc\app\update-book\update-book.component.spec.js.map
J:\Dot Net WebAPI\DigitalLibraryAPI\front-end\dist\out-tsc\environments\environment.prod.js
J:\Dot Net WebAPI\DigitalLibraryAPI\front-end\dist\out-tsc\environments\environment.prod.js.map
